###############################################################################
#                                                                             #
#     IAR Assembler V6.50.1.967/W32  for MSP430 01/Jul/2019  23:17:17         #
#     Copyright 1996-2016 IAR Systems AB.                                     #
#                                                                             #
#           Target option =  MSP430                                           #
#           Source file   =  C:\Users\PikesPlace\Documents\ECE 3362\StepperMotor.s43#
#           List file     =  C:\Users\PikesPlace\Google Drive\TTU\Fall 2018\Microcontrollers\WardBP0\Debug\List\StepperMotor.lst#
#           Object file   =  C:\Users\PikesPlace\Google Drive\TTU\Fall 2018\Microcontrollers\WardBP0\Debug\Obj\StepperMotor.r43#
#           Command line  =  C:\Users\PikesPlace\Documents\ECE 3362\StepperMotor.s43 #
#                            -OC:\Users\PikesPlace\Google Drive\TTU\Fall 2018\Microcontrollers\WardBP0\Debug\Obj #
#                            -s+ -M<> -w+                                     #
#                            -LC:\Users\PikesPlace\Google Drive\TTU\Fall 2018\Microcontrollers\WardBP0\Debug\List #
#                            -t8 -x -r -D__MSP430G2553__                      #
#                            -IC:\Program Files (x86)\IAR Systems\Embedded Workbench 7.4\430\INC\ #
#                                                                             #
###############################################################################

      1    000200              ;-----------------------------------------------
                               --------------------------------
      2    000200              ;  ECE 3362-002 Project 0 - Unique number LED
                                blinker.
      3    000200              ;       This program will blink both the red and
                                green LEDs a number times based
      4    000200              ;       based on the random number 36. The red
                                LED will blink an amount equal to
      5    000200              ;       to the 10s place of the number and the
                                green LED will blink an amount
      6    000200              ;       equal to the 1s place of the number.
                                This will be done by changing the
      7    000200              ;       state of the two bits that control the
                                LEDs by a predefined amount.
      8    000200              ;
      9    000200              ;  Purpose: This program is designed to
                                introduce the student into basics of
     10    000200              ;       of using the IAR Embedded Workbench IDE
                                and understanding the basics
     11    000200              ;       of working with the MSP430G2553 device
                                using assembly language code.
     12    000200              ;
     13    000200              ;   Target: TI LaunchPad development board with
                                MSP430G2553 device installed
     14    000200              ;
     15    000200              ;       Date:           July 1, 2019
     16    000200              ;       Last Revision:  1.0
     17    000200              ;       Written by:     Bradley Ward, ECE dept,
                                Texas Tech University
     18    000200              ;       Adapted from:   Provided code examples;
                                Dr. M. Helm, September 2018   
     19    000200              ;                       Demo_aSimpleLEDblinker
     20    000200              ;                       DemoWithPushButton
     21    000200              ;                       ANewSimpleArithmeticExam
                               ple
     22    000200              ;       Assembler/IDE:  IAR Embedded Workbench
                                6.5
     23    000200              ;
     24    000200              ;       HW I/O assignments: (hardwired on
                                LaunchPad board)
     25    000200              ;       P1.0    LED1    (Active HIGH)RED
     26    000200              ;       P1.1    not used
     27    000200              ;       P1.2    not used
     28    000200              ;       P1.3    PushButton (Active LOW)
                                (internal Pullup Enabled)
     29    000200              ;       P1.4    not used
     30    000200              ;       P1.5    I1      Current Control
                                1
     31    000200              ;       P1.6    LED2    (Active HIGH)GREEN
     32    000200              ;       P1.7    not used
     33    000200              ;
     34    000200              ;       P2.0    I2      Current Control
                                2
     35    000200              ;       P2.1    STEP    Step Command
     36    000200              ;       P2.2    DIR     Step Direction
     37    000200              ;       P2.3    MS1     Microstep 1    
                                
     38    000200              ;       P2.4    MS1     Microstep 2 
     39    000200              ;       P2.5    not used
     40    000200              ;       P2.6    not used
     41    000200              ;       P2.7    not used
     42    000200              ;
     43    000200              ;-----------------------------------------------
                               --------------------------------
     44    000200              #include  "msp430g2553.h"   ; standard header
                                required for program
     45    000200              ;-----------------------------------------------
                               --------------------------------
     46    000200              ; Constants
     47    000200              ;-----------------------------------------------
                               --------------------------------
     48    000200              ; delay timer for how long LED stays on/off
     49    0001F4              DELAY_TIMER     EQU     500
     50    000200              
     51    000200              ; defining ports that use LEDs and pushbutton
                                for clarity
     52    000001              REDLED          EQU     %00000001
     53    000008              PUSHBUTTON      EQU     %00001000
     54    000020              CURRENT1        EQU     %00100000
     55    000200              
     56    000001              CURRENT2        EQU     %00000001
     57    000002              STEPPORT        EQU     %00000010
     58    000004              DIRPORT         EQU     %00000100
     59    000008              MS1PORT         EQU     %00001000
     60    000010              MS2PORT         EQU     %00010000
     61    000200              
     62    000200              ; defining counts for number of steps
     63    000320              REDCOUNT        EQU     0x0320
     64    000005              NUMOFSTEPS      EQU     0x05
     65    000200              ;-----------------------------------------------
                               --------------------------------
     66    000200              ; Variables
     67    000200              ;-----------------------------------------------
                               --------------------------------
     68    000200                              ORG   0x0200     ; beginning of
                                                                 RAM space
                                                                 (necessary
                                                                 statement)
     69    000200                                               ; Assembler
                                Directive for start of RAM 
     70    000200              
     71    000200              ;-----------------------------------------------
                               --------------------------------
     72    00C000                          ORG     0xC000                  ;
  Program Space start address
     73    00C000              ;-----------------------------------------------
                               --------------------------------
     74    00C000              ; BOILER PLATE - necessary initialization
     75    00C000 31400004     RESET       mov.w   #0x0400,SP              ;
  Initialize stackpointer to bottom
     76    00C004                                                          ; of
                                RAM space
     77    00C004 B240805A2001 StopWDT     mov.w   #WDTPW+WDTHOLD,&WDTCTL  ;
  Stop WDT (Watchdog Timer)
     78    00C00A              
     79    00C00A F24021002200 SetupP1     mov.b   #REDLED+CURRENT1,&P1DIR ;
                                                            set ports on P1 to
                                                            output
     80    00C010              
     81    00C010 F2401F002A00 SetupP2     mov.b   #CURRENT2+STEPPORT+DIRPORT+M
                                                             S1PORT+MS2PORT,&P2
                                                             DIR ; set ports on
                                                              P2 to output
     82    00C016                                                         
                                
     83    00C016                          ; PushButton is wired to P1.3, which
                                is set to Active LOW, and the
     84    00C016                          ; internal pullup resistor needs to
                                be turned on. This can be done
     85    00C016                          ; with the PIREN register
     86    00C016 F2422700                 mov.b       #PUSHBUTTON, &P1REN    
                                                                     ;internal
                                                                     resistor
                                                                     turned
                                                                     on
     87    00C01A F2422100                 mov.b       #PUSHBUTTON, &P1OUT    
                                                                     ;set
                                                                     resistor
                                                                     to pullup
                                                                     mode
                                                                     
     88    00C01E                          
     89    00C01E D2C32100                 bic.b #REDLED,   &P1OUT     ; red
                                                             LED off
     90    00C022 F2C020002100             bic.b #CURRENT1, &P1OUT     ; Set
                                                             current 1 to
                                                             low
     91    00C028                          
     92    00C028 D2C32900                 bic.b #CURRENT2, &P2OUT     ; Set
                                                             current 2 to
                                                             low
     93    00C02C E2C32900                 bic.b #STEPPORT, &P2OUT     ; No
                                                             steps yet
     94    00C030 E2C22900                 bic.b #DIRPORT,  &P2OUT     ; Set
                                                             direction
     95    00C034 F2C22900                 bic.b #MS1PORT, &P2OUT      ; Set to
                                                            1/4 microstep
     96    00C038 F2C010002900             bic.b #MS2PORT,  &P2OUT     ; Set to
                                                             1/4 microstep
     97    00C03E              
     98    00C03E              ;-----------------------------------------------
                               --------------------------------
     99    00C03E              ; start of main program (organized as a polling
                                loop to read the pushbutton)          
                                
    100    00C03E              ;-----------------------------------------------
                               --------------------------------
    101    00C03E                          ; now start the continuous forever
                                loop
    102    00C03E              Mainloop    ; first read the state of the
                                Pushbutton  (Active LOW)
    103    00C03E F2B22000                 bit.b   #PUSHBUTTON, &P1IN      ;
                                                                 check the
                                                                 state of
                                                                 P1.3
    104    00C042 1620                     jne     ButtonNotPressed  ; (match)
                                                                      pin was
                                                                      HIGH
                                                                      (button
                                                                      NOT
                                                                      pressed)
    105    00C044                              ; NOTE: the jump decision is
                                based on state of ZERO flag
    106    00C044                              ; in the Status Register (SR)
                                after doing the bit test
    107    00C044                          
    108    00C044              ButtonPressed
    109    00C044 3E402003                 mov.w #REDCOUNT, R14    ;load loop
                                                                    counter
                                                                    (R14) with
                                                                    red loop
                                                                    count
    110    00C048 E2B22900                 bit.b #DIRPORT, &P2OUT
    111    00C04C 0320                     jnz SetDirectionLow
    112    00C04E                          
    113    00C04E              SetDirectionHigh
    114    00C04E E2D22900                 bis.b #DIRPORT, &P2OUT     ; Send
                                                            high to step
                                                            port
    115    00C052 023C                     jmp RedLoop
    116    00C054                          
    117    00C054              SetDirectionLow
    118    00C054 E2C22900                 bic.b #DIRPORT, &P2OUT     ; Send
                                                            low to step
                                                            port
    119    00C058                          
    120    00C058              RedLoop  
    121    00C058 B0127AC0                 call #Time_Delay            ; delay
                                                                        timer
                                                                        subrout
                                                                       ine
                                                                        call
    122    00C05C E2D32900                 bis.b #STEPPORT, &P2OUT     ; Send
                                                             High to step
                                                             port
    123    00C060 B0127AC0                 call #Time_Delay            ; delay
                                                                        timer
                                                                        subrout
                                                                       ine
                                                                        call
    124    00C064 E2C32900                 bic.b #STEPPORT, &P2OUT     ; Send
                                                             low to step
                                                             port
    125    00C068                          
    126    00C068 1E83                     dec R14               ; decrement
                                                                  loop
                                                                  counter
    127    00C06A F623                     jnz RedLoop           ; if not zero,
                                                                  continue
                                                                  through
                                                                  loop
    128    00C06C                          
    129    00C06C F2422100                 mov.b       #PUSHBUTTON, &P1OUT    
                                                                     ; reset
                                                                     push
                                                                     button
                                                                     status
    130    00C070                           
    131    00C070              ButtonNotPressed
    132    00C070 D2C32100                 bic.b #REDLED, &P1OUT       ; clear
                                                           bit to ensure red
                                                           LED is off
    133    00C074 E2C32900                 bic.b #STEPPORT, &P2OUT     ; clear
                                                             number of
                                                             steps
    134    00C078                          
    135    00C078 E23F         Done        jmp     Mainloop           ; now
                                                                       repeat
                                                                       
    136    00C07A                                                     ;
                                starting again at Mainloop
    137    00C07A              ;-----------------------------------------------
                               --------------------------------
    138    00C07A              ;           End of main code
    139    00C07A              ;-----------------------------------------------
                               --------------------------------                
                                                           
    140    00C07A                                                        
                                
    141    00C07A              ;-----------------------------------------------
                               --------------------------------
    142    00C07A              ;           Subroutines
    143    00C07A              ;-----------------------------------------------
                               -------------------------------- 
    144    00C07A              
    145    00C07A              ;-----------------------------------------------
                               --------------------------------
    146    00C07A              ; Time_Delay
    147    00C07A              ;  passed in - nothing
    148    00C07A              ;  returned - nothing
    149    00C07A              ;  accomplishes - time delay
    150    00C07A              ;  uses: R15
    151    00C07A              ;-----------------------------------------------
                               --------------------------------
    152    00C07A              Time_Delay
    153    00C07A 0F12             push R15   ;  save R15 since we use it
                                               here
    154    00C07C              DelayTop
    155    00C07C 3F40F401         mov #DELAY_TIMER, R15  ;load loop counter
                                                           (R15) with time
                                                           constant
    156    00C080              Loop1
    157    00C080 1F83             dec R15               ; decrement loop
                                                          counter
    158    00C082 FE23             jnz Loop1             ; Zero yet?, no
                                                          decrement again
    159    00C084              
    160    00C084 3F41             pop R15     ; restore R15 before returning
    161    00C086 3041             ret         ; return
    162    00C088              ;-----------------------------------------------
                               --------------------------------
    163    00C088              ;  end of Time_Delay
    164    00C088              ;-----------------------------------------------
                               --------------------------------
    165    00C088              
    166    00C088              ;-----------------------------------------------
                               --------------------------------
    167    00C088              ;           End of all Subroutines
    168    00C088              ;-----------------------------------------------
                               --------------------------------
    169    00C088              
    170    00C088              ;-----------------------------------------------
                               --------------------------------
    171    00C088              ;           Interrupt Vectors
    172    00C088              ;-----------------------------------------------
                               --------------------------------
    173    00FFFE                          ORG     0xFFFE           ; MSP430
                                                                     RESET
                                                                     Vector
    174    00FFFE 00C0                     DW      RESET            ;
                                                                     establishe
                                                                    s the label
                                                                     RESET as
                                                                     
    175    010000                                                   ; the
                                starting point
    176    010000                          END                      ; END of
                                all code for this program



Segment             Type 	Mode
----------------------------------------
ASEG                CODE  	ABS Org:200 

Label               Mode   Type                   Segment    Value/Offset
------------------------------------------------------------------------------
ADC10AE0            ABS    CONST UNTYP.           ASEG       4A 
ADC10CTL0           ABS    CONST UNTYP.           ASEG       1B0 
ADC10CTL1           ABS    CONST UNTYP.           ASEG       1B2 
ADC10DTC0           ABS    CONST UNTYP.           ASEG       48 
ADC10DTC1           ABS    CONST UNTYP.           ASEG       49 
ADC10MEM            ABS    CONST UNTYP.           ASEG       1B4 
ADC10SA             ABS    CONST UNTYP.           ASEG       1BC 
BCSCTL1             ABS    CONST UNTYP.           ASEG       57 
BCSCTL2             ABS    CONST UNTYP.           ASEG       58 
BCSCTL3             ABS    CONST UNTYP.           ASEG       53 
ButtonNotPressed    ABS    CONST UNTYP.           ASEG       C070 
ButtonPressed       ABS    CONST UNTYP.           ASEG       C044 
CACTL1              ABS    CONST UNTYP.           ASEG       59 
CACTL2              ABS    CONST UNTYP.           ASEG       5A 
CALBC1_12MHZ        ABS    CONST UNTYP.           ASEG       10FB 
CALBC1_16MHZ        ABS    CONST UNTYP.           ASEG       10F9 
CALBC1_1MHZ         ABS    CONST UNTYP.           ASEG       10FF 
CALBC1_8MHZ         ABS    CONST UNTYP.           ASEG       10FD 
CALDCO_12MHZ        ABS    CONST UNTYP.           ASEG       10FA 
CALDCO_16MHZ        ABS    CONST UNTYP.           ASEG       10F8 
CALDCO_1MHZ         ABS    CONST UNTYP.           ASEG       10FE 
CALDCO_8MHZ         ABS    CONST UNTYP.           ASEG       10FC 
CAPD                ABS    CONST UNTYP.           ASEG       5B 
CURRENT1            ABS    CONST UNTYP.           ASEG       20 
CURRENT2            ABS    CONST UNTYP.           ASEG       1 
DCOCTL              ABS    CONST UNTYP.           ASEG       56 
DELAY_TIMER         ABS    CONST UNTYP.           ASEG       1F4 
DIRPORT             ABS    CONST UNTYP.           ASEG       4 
DelayTop            ABS    CONST UNTYP.           ASEG       C07C 
Done                ABS    CONST UNTYP.           ASEG       C078 
FCTL1               ABS    CONST UNTYP.           ASEG       128 
FCTL2               ABS    CONST UNTYP.           ASEG       12A 
FCTL3               ABS    CONST UNTYP.           ASEG       12C 
IE1                 ABS    CONST UNTYP.           ASEG       0 
IE2                 ABS    CONST UNTYP.           ASEG       1 
IFG1                ABS    CONST UNTYP.           ASEG       2 
IFG2                ABS    CONST UNTYP.           ASEG       3 
Loop1               ABS    CONST UNTYP.           ASEG       C080 
MS1PORT             ABS    CONST UNTYP.           ASEG       8 
MS2PORT             ABS    CONST UNTYP.           ASEG       10 
Mainloop            ABS    CONST UNTYP.           ASEG       C03E 
NUMOFSTEPS          ABS    CONST UNTYP.           ASEG       5 
P1DIR               ABS    CONST UNTYP.           ASEG       22 
P1IE                ABS    CONST UNTYP.           ASEG       25 
P1IES               ABS    CONST UNTYP.           ASEG       24 
P1IFG               ABS    CONST UNTYP.           ASEG       23 
P1IN                ABS    CONST UNTYP.           ASEG       20 
P1OUT               ABS    CONST UNTYP.           ASEG       21 
P1REN               ABS    CONST UNTYP.           ASEG       27 
P1SEL               ABS    CONST UNTYP.           ASEG       26 
P1SEL2              ABS    CONST UNTYP.           ASEG       41 
P2DIR               ABS    CONST UNTYP.           ASEG       2A 
P2IE                ABS    CONST UNTYP.           ASEG       2D 
P2IES               ABS    CONST UNTYP.           ASEG       2C 
P2IFG               ABS    CONST UNTYP.           ASEG       2B 
P2IN                ABS    CONST UNTYP.           ASEG       28 
P2OUT               ABS    CONST UNTYP.           ASEG       29 
P2REN               ABS    CONST UNTYP.           ASEG       2F 
P2SEL               ABS    CONST UNTYP.           ASEG       2E 
P2SEL2              ABS    CONST UNTYP.           ASEG       42 
P3DIR               ABS    CONST UNTYP.           ASEG       1A 
P3IN                ABS    CONST UNTYP.           ASEG       18 
P3OUT               ABS    CONST UNTYP.           ASEG       19 
P3REN               ABS    CONST UNTYP.           ASEG       10 
P3SEL               ABS    CONST UNTYP.           ASEG       1B 
P3SEL2              ABS    CONST UNTYP.           ASEG       43 
PUSHBUTTON          ABS    CONST UNTYP.           ASEG       8 
REDCOUNT            ABS    CONST UNTYP.           ASEG       320 
REDLED              ABS    CONST UNTYP.           ASEG       1 
RESET               ABS    CONST UNTYP.           ASEG       C000 
RedLoop             ABS    CONST UNTYP.           ASEG       C058 
STEPPORT            ABS    CONST UNTYP.           ASEG       2 
SetDirectionHigh    ABS    CONST UNTYP.           ASEG       C04E 
SetDirectionLow     ABS    CONST UNTYP.           ASEG       C054 
SetupP1             ABS    CONST UNTYP.           ASEG       C00A 
SetupP2             ABS    CONST UNTYP.           ASEG       C010 
StopWDT             ABS    CONST UNTYP.           ASEG       C004 
TA0CCR0             ABS    CONST UNTYP.           ASEG       172 
TA0CCR1             ABS    CONST UNTYP.           ASEG       174 
TA0CCR2             ABS    CONST UNTYP.           ASEG       176 
TA0CCTL0            ABS    CONST UNTYP.           ASEG       162 
TA0CCTL1            ABS    CONST UNTYP.           ASEG       164 
TA0CCTL2            ABS    CONST UNTYP.           ASEG       166 
TA0CTL              ABS    CONST UNTYP.           ASEG       160 
TA0IV               ABS    CONST UNTYP.           ASEG       12E 
TA0R                ABS    CONST UNTYP.           ASEG       170 
TA1CCR0             ABS    CONST UNTYP.           ASEG       192 
TA1CCR1             ABS    CONST UNTYP.           ASEG       194 
TA1CCR2             ABS    CONST UNTYP.           ASEG       196 
TA1CCTL0            ABS    CONST UNTYP.           ASEG       182 
TA1CCTL1            ABS    CONST UNTYP.           ASEG       184 
TA1CCTL2            ABS    CONST UNTYP.           ASEG       186 
TA1CTL              ABS    CONST UNTYP.           ASEG       180 
TA1IV               ABS    CONST UNTYP.           ASEG       11E 
TA1R                ABS    CONST UNTYP.           ASEG       190 
TLV_ADC10_1_LEN     ABS    CONST UNTYP.           ASEG       10DB 
TLV_ADC10_1_TAG     ABS    CONST UNTYP.           ASEG       10DA 
TLV_CHECKSUM        ABS    CONST UNTYP.           ASEG       10C0 
TLV_DCO_30_LEN      ABS    CONST UNTYP.           ASEG       10F7 
TLV_DCO_30_TAG      ABS    CONST UNTYP.           ASEG       10F6 
Time_Delay          ABS    CONST UNTYP.           ASEG       C07A 
UCA0ABCTL           ABS    CONST UNTYP.           ASEG       5D 
UCA0BR0             ABS    CONST UNTYP.           ASEG       62 
UCA0BR1             ABS    CONST UNTYP.           ASEG       63 
UCA0CTL0            ABS    CONST UNTYP.           ASEG       60 
UCA0CTL1            ABS    CONST UNTYP.           ASEG       61 
UCA0IRRCTL          ABS    CONST UNTYP.           ASEG       5F 
UCA0IRTCTL          ABS    CONST UNTYP.           ASEG       5E 
UCA0MCTL            ABS    CONST UNTYP.           ASEG       64 
UCA0RXBUF           ABS    CONST UNTYP.           ASEG       66 
UCA0STAT            ABS    CONST UNTYP.           ASEG       65 
UCA0TXBUF           ABS    CONST UNTYP.           ASEG       67 
UCB0BR0             ABS    CONST UNTYP.           ASEG       6A 
UCB0BR1             ABS    CONST UNTYP.           ASEG       6B 
UCB0CTL0            ABS    CONST UNTYP.           ASEG       68 
UCB0CTL1            ABS    CONST UNTYP.           ASEG       69 
UCB0I2CIE           ABS    CONST UNTYP.           ASEG       6C 
UCB0I2COA           ABS    CONST UNTYP.           ASEG       118 
UCB0I2CSA           ABS    CONST UNTYP.           ASEG       11A 
UCB0RXBUF           ABS    CONST UNTYP.           ASEG       6E 
UCB0STAT            ABS    CONST UNTYP.           ASEG       6D 
UCB0TXBUF           ABS    CONST UNTYP.           ASEG       6F 
WDTCTL              ABS    CONST UNTYP.           ASEG       120 


##############################
#          CRC:F521          #
#        Errors:   0         #
#        Warnings: 0         #
#         Bytes: 138         #
##############################



